
**** Build of configuration Debug for project SmartCar2020TC264 ****

"D:\\Program Files\\TASKING\\TriCore v6.3r1\\ctc\\bin\\amk" -j8 all 
Compiling User_FSM.c
Compiling User_Init.c
Compiling User_Motor.c
Compiling User_OSTU.c
Compiling User_PID.c
Compiling User_Two_Car.c
Compiling Cpu0_Main.c
Compiling Cpu1_Main.c
Compiling isr.c
ctc W577: ["..\CODE\Src\User_FSM.c" 244/22] calling a function without a prototype
0 errors, 1 warnings
Linking to SmartCar2020TC264.elf

Time consumed: 4436 ms
**** End of build ****

Tool info: 
TASKING VX-toolset for TriCore: control program v6.3r1 Build 19041558
TASKING VX-toolset for TriCore: C compiler v6.3r1 Build 19041558 SN 99294086
TASKING VX-toolset for TriCore: assembler v6.3r1 Build 19041558
TASKING VX-toolset for TriCore: object linker v6.3r1 Build 19041558 SN 99294086
TASKING program builder v6.3r1 Build 19041558
